<?xml version="1.0" encoding="UTF-8"?>
<!-- Generated by org.testng.reporters.JUnitReportReporter -->
<testsuite hostname="LAPTOP-23QE07RQ" failures="0" tests="8" name="CucumberOptions.cucumberOptions" time="0.165" errors="0" timestamp="2024-08-11T16:49:04 IST" skipped="0">
  <testcase classname="CucumberOptions.cucumberOptions" name="runScenario" time="0.006"/>
  <system-out/>
  <testcase classname="CucumberOptions.cucumberOptions" name="runScenario" time="0.016"/>
  <system-out/>
  <testcase classname="CucumberOptions.cucumberOptions" name="runScenario" time="0.013"/>
  <system-out/>
  <testcase classname="CucumberOptions.cucumberOptions" name="runScenario" time="0.012"/>
  <system-out/>
  <testcase classname="CucumberOptions.cucumberOptions" name="runScenario" time="0.008"/>
  <system-out/>
  <testcase classname="CucumberOptions.cucumberOptions" name="runScenario" time="0.095"/>
  <system-out/>
  <testcase classname="CucumberOptions.cucumberOptions" name="runScenario" time="0.008"/>
  <system-out/>
  <testcase classname="CucumberOptions.cucumberOptions" name="runScenario" time="0.007"/>
  <system-out/>
</testsuite> <!-- CucumberOptions.cucumberOptions -->
